<?xml version="1.0" encoding="UTF-8"?>
<!-- Generated by org.testng.reporters.JUnitReportReporter -->
<testsuite hostname="CISM-I-333" failures="0" tests="1" name="runner.RunCuke" time="13.386" errors="0" timestamp="2024-08-01T20:26:25 IST" skipped="0">
  <testcase classname="runner.RunCuke" name="runScenario" time="13.386"/>
</testsuite> <!-- runner.RunCuke -->
